[debug] [2021-01-22T22:45:44.151Z] ----------------------------------------------------------------------
[debug] [2021-01-22T22:45:44.153Z] Command:       C:\Program Files\nodejs\node.exe C:\Users\sergi\AppData\Roaming\npm\node_modules\firebase-tools\lib\bin\firebase.js deploy
[debug] [2021-01-22T22:45:44.153Z] CLI Version:   9.2.2
[debug] [2021-01-22T22:45:44.153Z] Platform:      win32
[debug] [2021-01-22T22:45:44.153Z] Node Version:  v14.15.0
[debug] [2021-01-22T22:45:44.154Z] Time:          Fri Jan 22 2021 22:45:44 GMT+0000 (Greenwich Mean Time)
[debug] [2021-01-22T22:45:44.154Z] ----------------------------------------------------------------------
[debug] [2021-01-22T22:45:44.154Z] 
[debug] [2021-01-22T22:45:44.159Z] > command requires scopes: ["email","openid","https://www.googleapis.com/auth/cloudplatformprojects.readonly","https://www.googleapis.com/auth/firebase","https://www.googleapis.com/auth/cloud-platform"]
[debug] [2021-01-22T22:45:44.160Z] > authorizing via signed-in user
[debug] [2021-01-22T22:45:44.160Z] [iam] checking project sergio-s-gram for permissions ["firebase.projects.get","firebasehosting.sites.update"]
[debug] [2021-01-22T22:45:44.162Z] >>> HTTP REQUEST POST https://cloudresourcemanager.googleapis.com/v1/projects/sergio-s-gram:testIamPermissions  
 {"permissions":["firebase.projects.get","firebasehosting.sites.update"]}
[debug] [2021-01-22T22:45:44.178Z] [iam] error while checking permissions, command may fail: FirebaseError: Server Error. getaddrinfo ENOTFOUND cloudresourcemanager.googleapis.com
[debug] [2021-01-22T22:45:44.179Z] > refreshing access token with scopes: []
[debug] [2021-01-22T22:45:44.179Z] >>> HTTP REQUEST POST https://www.googleapis.com/oauth2/v3/token  
 <request body omitted>
[debug] [2021-01-22T22:45:44.182Z] Authentication Error: Your credentials are no longer valid. Please run firebase login --reauth

For CI servers and headless environments, generate a new token with firebase login:ci
[debug] [2021-01-22T22:45:44.190Z] FirebaseError: Authentication Error: Your credentials are no longer valid. Please run firebase login --reauth

For CI servers and headless environments, generate a new token with firebase login:ci
    at Object.<anonymous> (C:\Users\sergi\AppData\Roaming\npm\node_modules\firebase-tools\lib\auth.js:23:32)
    at Module._compile (internal/modules/cjs/loader.js:1063:30)
    at Object.Module._extensions..js (internal/modules/cjs/loader.js:1092:10)
    at Module.load (internal/modules/cjs/loader.js:928:32)
    at Function.Module._load (internal/modules/cjs/loader.js:769:14)
    at Module.require (internal/modules/cjs/loader.js:952:19)
    at require (internal/modules/cjs/helpers.js:88:18)
    at Object.<anonymous> (C:\Users\sergi\AppData\Roaming\npm\node_modules\firebase-tools\lib\init\features\hosting\github.js:11:16)
    at Module._compile (internal/modules/cjs/loader.js:1063:30)
    at Object.Module._extensions..js (internal/modules/cjs/loader.js:1092:10)
    at Module.load (internal/modules/cjs/loader.js:928:32)
    at Function.Module._load (internal/modules/cjs/loader.js:769:14)
    at Module.require (internal/modules/cjs/loader.js:952:19)
    at require (internal/modules/cjs/helpers.js:88:18)
    at Object.<anonymous> (C:\Users\sergi\AppData\Roaming\npm\node_modules\firebase-tools\lib\init\features\hosting\index.js:5:24)
    at Module._compile (internal/modules/cjs/loader.js:1063:30)
[error] 
[error] Error: Failed to get Firebase project sergio-s-gram. Please make sure the project exists and your account has permission to access it.
